<?xml version="1.0" encoding="UTF-8"?>
<testsuite name="com.jun.tripguide_v2.core.data.repository.DefaultAreaCodeRepositoryTest" tests="2" skipped="0" failures="0" errors="0" timestamp="2023-10-17T09:03:46" hostname="DESKTOP-NBGR7A1" time="0.102">
  <properties/>
  <testcase name="기본 지역 코드 역직렬화 테스트" classname="com.jun.tripguide_v2.core.data.repository.DefaultAreaCodeRepositoryTest" time="0.094"/>
  <testcase name="지역 코드 역직렬화 테스트" classname="com.jun.tripguide_v2.core.data.repository.DefaultAreaCodeRepositoryTest" time="0.003"/>
  <system-out><![CDATA[]]></system-out>
  <system-err><![CDATA[]]></system-err>
</testsuite>
